<?xml version="1.0" encoding="UTF-8"?>
<testsuite name="tests.Test_WeatherViaYNetNews" tests="1" skipped="0" failures="0" errors="0" timestamp="2020-12-26T14:30:55" hostname="MacBook-Air-mac.local" time="9.568">
  <properties/>
  <testcase name="testWeatherInCity" classname="tests.Test_WeatherViaYNetNews" time="9.568"/>
  <system-out><![CDATA[]]></system-out>
  <system-err><![CDATA[]]></system-err>
</testsuite>
