<?xml version="1.0" encoding="UTF-8"?>
<testsuite name="tests.Test_FindYNetNewsViaGoogle" tests="1" skipped="0" failures="0" errors="0" timestamp="2020-12-26T14:47:37" hostname="MacBook-Air-mac.local" time="10.593">
  <properties/>
  <testcase name="testGoToYNNHomeUrl" classname="tests.Test_FindYNetNewsViaGoogle" time="10.593"/>
  <system-out><![CDATA[]]></system-out>
  <system-err><![CDATA[]]></system-err>
</testsuite>
