<?xml version="1.0" encoding="UTF-8"?>
<testsuite name="tests.Test_ArticleYNetNews" tests="1" skipped="0" failures="0" errors="0" timestamp="2020-12-26T14:47:56" hostname="MacBook-Air-mac.local" time="2.294">
  <properties/>
  <testcase name="testArticleSendToFriend" classname="tests.Test_ArticleYNetNews" time="2.294"/>
  <system-out><![CDATA[]]></system-out>
  <system-err><![CDATA[]]></system-err>
</testsuite>
